# JRE version: Java(TM) SE Runtime Environment (8.0_161-b12) (build 1.8.0_161-b12)
# Java VM: Java HotSpot(TM) 64-Bit Server VM (25.161-b12 mixed mode windows-amd64 compressed oops)
Heap:
 PSYoungGen      total 139776K, used 92786K [0x00000000eb200000, 0x00000000f5f80000, 0x0000000100000000)
  eden space 105984K, 71% used [0x00000000eb200000,0x00000000efb859a0,0x00000000f1980000)
  from space 33792K, 51% used [0x00000000f3e80000,0x00000000f4f97130,0x00000000f5f80000)
  to   space 35840K, 0% used [0x00000000f1980000,0x00000000f1980000,0x00000000f3c80000)
 ParOldGen       total 273920K, used 229914K [0x00000000c1600000, 0x00000000d2180000, 0x00000000eb200000)
  object space 273920K, 83% used [0x00000000c1600000,0x00000000cf6869d8,0x00000000d2180000)
 Metaspace       used 14862K, capacity 15025K, committed 15232K, reserved 1062912K
  class space    used 1635K, capacity 1658K, committed 1664K, reserved 1048576K
GC Heap History (10 events):
Event: 722.361 GC heap before
{Heap before GC invocations=208 (full 7):
 PSYoungGen      total 131584K, used 109486K [0x00000000eb200000, 0x00000000f5700000, 0x0000000100000000)
  eden space 95744K, 100% used [0x00000000eb200000,0x00000000f0f80000,0x00000000f0f80000)
  from space 35840K, 38% used [0x00000000f3300000,0x00000000f406b890,0x00000000f5600000)
  to   space 36352K, 0% used [0x00000000f0f80000,0x00000000f0f80000,0x00000000f3300000)
 ParOldGen       total 221696K, used 212335K [0x00000000c1600000, 0x00000000cee80000, 0x00000000eb200000)
  object space 221696K, 95% used [0x00000000c1600000,0x00000000ce55bf08,0x00000000cee80000)
 Metaspace       used 14862K, capacity 15025K, committed 15232K, reserved 1062912K
  class space    used 1635K, capacity 1658K, committed 1664K, reserved 1048576K
Event: 722.399 GC heap after
Heap after GC invocations=208 (full 7):
 PSYoungGen      total 132096K, used 10524K [0x00000000eb200000, 0x00000000f6400000, 0x0000000100000000)
  eden space 95744K, 0% used [0x00000000eb200000,0x00000000eb200000,0x00000000f0f80000)
  from space 36352K, 28% used [0x00000000f0f80000,0x00000000f19c7120,0x00000000f3300000)
  to   space 36864K, 0% used [0x00000000f4000000,0x00000000f4000000,0x00000000f6400000)
 ParOldGen       total 221696K, used 220999K [0x00000000c1600000, 0x00000000cee80000, 0x00000000eb200000)
  object space 221696K, 99% used [0x00000000c1600000,0x00000000cedd1f08,0x00000000cee80000)
 Metaspace       used 14862K, capacity 15025K, committed 15232K, reserved 1062912K
  class space    used 1635K, capacity 1658K, committed 1664K, reserved 1048576K
}
Event: 722.504 GC heap before
{Heap before GC invocations=209 (full 8):
 PSYoungGen      total 132096K, used 10524K [0x00000000eb200000, 0x00000000f6400000, 0x0000000100000000)
  eden space 95744K, 0% used [0x00000000eb200000,0x00000000eb200000,0x00000000f0f80000)
  from space 36352K, 28% used [0x00000000f0f80000,0x00000000f19c7120,0x00000000f3300000)
  to   space 36864K, 0% used [0x00000000f4000000,0x00000000f4000000,0x00000000f6400000)
 ParOldGen       total 221696K, used 220999K [0x00000000c1600000, 0x00000000cee80000, 0x00000000eb200000)
  object space 221696K, 99% used [0x00000000c1600000,0x00000000cedd1f08,0x00000000cee80000)
 Metaspace       used 14862K, capacity 15025K, committed 15232K, reserved 1062912K
  class space    used 1635K, capacity 1658K, committed 1664K, reserved 1048576K
Event: 728.278 GC heap after
Heap after GC invocations=209 (full 8):
 PSYoungGen      total 132096K, used 8366K [0x00000000eb200000, 0x00000000f6400000, 0x0000000100000000)
  eden space 95744K, 0% used [0x00000000eb200000,0x00000000eb200000,0x00000000f0f80000)
  from space 36352K, 23% used [0x00000000f0f80000,0x00000000f17abb38,0x00000000f3300000)
  to   space 36864K, 0% used [0x00000000f4000000,0x00000000f4000000,0x00000000f6400000)
 ParOldGen       total 273920K, used 221602K [0x00000000c1600000, 0x00000000d2180000, 0x00000000eb200000)
  object space 273920K, 80% used [0x00000000c1600000,0x00000000cee689d8,0x00000000d2180000)
 Metaspace       used 14862K, capacity 15025K, committed 15232K, reserved 1062912K
  class space    used 1635K, capacity 1658K, committed 1664K, reserved 1048576K
}
Event: 743.371 GC heap before
{Heap before GC invocations=210 (full 8):
 PSYoungGen      total 132096K, used 104110K [0x00000000eb200000, 0x00000000f6400000, 0x0000000100000000)
  eden space 95744K, 100% used [0x00000000eb200000,0x00000000f0f80000,0x00000000f0f80000)
  from space 36352K, 23% used [0x00000000f0f80000,0x00000000f17abb38,0x00000000f3300000)
  to   space 36864K, 0% used [0x00000000f4000000,0x00000000f4000000,0x00000000f6400000)
 ParOldGen       total 273920K, used 221602K [0x00000000c1600000, 0x00000000d2180000, 0x00000000eb200000)
  object space 273920K, 80% used [0x00000000c1600000,0x00000000cee689d8,0x00000000d2180000)
 Metaspace       used 14862K, capacity 15025K, committed 15232K, reserved 1062912K
  class space    used 1635K, capacity 1658K, committed 1664K, reserved 1048576K
Event: 743.427 GC heap after
Heap after GC invocations=210 (full 8):
 PSYoungGen      total 133120K, used 6382K [0x00000000eb200000, 0x00000000f5f00000, 0x0000000100000000)
  eden space 101376K, 0% used [0x00000000eb200000,0x00000000eb200000,0x00000000f1500000)
  from space 31744K, 20% used [0x00000000f4000000,0x00000000f463b8a0,0x00000000f5f00000)
  to   space 37888K, 0% used [0x00000000f1500000,0x00000000f1500000,0x00000000f3a00000)
 ParOldGen       total 273920K, used 229914K [0x00000000c1600000, 0x00000000d2180000, 0x00000000eb200000)
  object space 273920K, 83% used [0x00000000c1600000,0x00000000cf6869d8,0x00000000d2180000)
 Metaspace       used 14862K, capacity 15025K, committed 15232K, reserved 1062912K
  class space    used 1635K, capacity 1658K, committed 1664K, reserved 1048576K
}
Event: 759.551 GC heap before
{Heap before GC invocations=211 (full 8):
 PSYoungGen      total 133120K, used 107758K [0x00000000eb200000, 0x00000000f5f00000, 0x0000000100000000)
  eden space 101376K, 100% used [0x00000000eb200000,0x00000000f1500000,0x00000000f1500000)
  from space 31744K, 20% used [0x00000000f4000000,0x00000000f463b8a0,0x00000000f5f00000)
  to   space 37888K, 0% used [0x00000000f1500000,0x00000000f1500000,0x00000000f3a00000)
 ParOldGen       total 273920K, used 229914K [0x00000000c1600000, 0x00000000d2180000, 0x00000000eb200000)
  object space 273920K, 83% used [0x00000000c1600000,0x00000000cf6869d8,0x00000000d2180000)
 Metaspace       used 14862K, capacity 15025K, committed 15232K, reserved 1062912K
  class space    used 1635K, capacity 1658K, committed 1664K, reserved 1048576K
Event: 759.595 GC heap after
Heap after GC invocations=211 (full 8):
 PSYoungGen      total 139264K, used 11918K [0x00000000eb200000, 0x00000000f6300000, 0x0000000100000000)
  eden space 101376K, 0% used [0x00000000eb200000,0x00000000eb200000,0x00000000f1500000)
  from space 37888K, 31% used [0x00000000f1500000,0x00000000f20a38a0,0x00000000f3a00000)
  to   space 37376K, 0% used [0x00000000f3e80000,0x00000000f3e80000,0x00000000f6300000)
 ParOldGen       total 273920K, used 229914K [0x00000000c1600000, 0x00000000d2180000, 0x00000000eb200000)
  object space 273920K, 83% used [0x00000000c1600000,0x00000000cf6869d8,0x00000000d2180000)
 Metaspace       used 14862K, capacity 15025K, committed 15232K, reserved 1062912K
  class space    used 1635K, capacity 1658K, committed 1664K, reserved 1048576K
}
Event: 775.729 GC heap before
{Heap before GC invocations=212 (full 8):
 PSYoungGen      total 139264K, used 113294K [0x00000000eb200000, 0x00000000f6300000, 0x0000000100000000)
  eden space 101376K, 100% used [0x00000000eb200000,0x00000000f1500000,0x00000000f1500000)
  from space 37888K, 31% used [0x00000000f1500000,0x00000000f20a38a0,0x00000000f3a00000)
  to   space 37376K, 0% used [0x00000000f3e80000,0x00000000f3e80000,0x00000000f6300000)
 ParOldGen       total 273920K, used 229914K [0x00000000c1600000, 0x00000000d2180000, 0x00000000eb200000)
  object space 273920K, 83% used [0x00000000c1600000,0x00000000cf6869d8,0x00000000d2180000)
 Metaspace       used 14862K, capacity 15025K, committed 15232K, reserved 1062912K
  class space    used 1635K, capacity 1658K, committed 1664K, reserved 1048576K
Event: 775.749 GC heap after
Heap after GC invocations=212 (full 8):
 PSYoungGen      total 139776K, used 17500K [0x00000000eb200000, 0x00000000f5f80000, 0x0000000100000000)
  eden space 105984K, 0% used [0x00000000eb200000,0x00000000eb200000,0x00000000f1980000)
  from space 33792K, 51% used [0x00000000f3e80000,0x00000000f4f97130,0x00000000f5f80000)
  to   space 35840K, 0% used [0x00000000f1980000,0x00000000f1980000,0x00000000f3c80000)
 ParOldGen       total 273920K, used 229914K [0x00000000c1600000, 0x00000000d2180000, 0x00000000eb200000)
  object space 273920K, 83% used [0x00000000c1600000,0x00000000cf6869d8,0x00000000d2180000)
 Metaspace       used 14862K, capacity 15025K, committed 15232K, reserved 1062912K
  class space    used 1635K, capacity 1658K, committed 1664K, reserved 1048576K
}

